[2025-12-16T17:12:25.672+0000] {manager.py:469} INFO - Processing files using up to 2 processes at a time 
[2025-12-16T17:12:25.672+0000] {manager.py:470} INFO - Process each file at most once every 30 seconds
[2025-12-16T17:12:25.673+0000] {manager.py:471} INFO - Checking for new files in /opt/airflow/dags every 300 seconds
[2025-12-16T17:12:25.673+0000] {manager.py:738} INFO - Searching for files in /opt/airflow/dags
[2025-12-16T17:12:25.676+0000] {manager.py:741} INFO - There are 1 files in /opt/airflow/dags
[2025-12-16T17:12:25.763+0000] {manager.py:879} INFO - 
================================================================================
DAG File Processing Stats

File Path                                PID  Runtime      # DAGs    # Errors  Last Runtime    Last Run
-------------------------------------  -----  ---------  --------  ----------  --------------  ----------
/opt/airflow/dags/drift_monitoring.py    162  0.04s             0           0
================================================================================
[2025-12-16T17:12:53.397+0000] {manager.py:879} INFO - 
================================================================================
DAG File Processing Stats

File Path                              PID    Runtime      # DAGs    # Errors  Last Runtime    Last Run
-------------------------------------  -----  ---------  --------  ----------  --------------  -------------------
/opt/airflow/dags/drift_monitoring.py                           0           1  1.23s           2025-12-16T17:12:26
================================================================================
[2025-12-16T17:13:21.201+0000] {manager.py:879} INFO - 
================================================================================
DAG File Processing Stats

File Path                              PID    Runtime      # DAGs    # Errors  Last Runtime    Last Run
-------------------------------------  -----  ---------  --------  ----------  --------------  -------------------
/opt/airflow/dags/drift_monitoring.py                           0           1  0.29s           2025-12-16T17:12:57
================================================================================
[2025-12-16T17:13:48.966+0000] {manager.py:879} INFO - 
================================================================================
DAG File Processing Stats

File Path                              PID    Runtime      # DAGs    # Errors  Last Runtime    Last Run
-------------------------------------  -----  ---------  --------  ----------  --------------  -------------------
/opt/airflow/dags/drift_monitoring.py                           0           1  0.28s           2025-12-16T17:13:28
================================================================================
[2025-12-16T17:14:16.772+0000] {manager.py:879} INFO - 
================================================================================
DAG File Processing Stats

File Path                              PID    Runtime      # DAGs    # Errors  Last Runtime    Last Run
-------------------------------------  -----  ---------  --------  ----------  --------------  -------------------
/opt/airflow/dags/drift_monitoring.py                           0           1  0.28s           2025-12-16T17:13:59
================================================================================
[2025-12-16T17:14:44.510+0000] {manager.py:879} INFO - 
================================================================================
DAG File Processing Stats

File Path                              PID    Runtime      # DAGs    # Errors  Last Runtime    Last Run
-------------------------------------  -----  ---------  --------  ----------  --------------  -------------------
/opt/airflow/dags/drift_monitoring.py                           0           1  0.30s           2025-12-16T17:14:30
================================================================================
[2025-12-16T17:15:12.306+0000] {manager.py:879} INFO - 
================================================================================
DAG File Processing Stats

File Path                              PID    Runtime      # DAGs    # Errors  Last Runtime    Last Run
-------------------------------------  -----  ---------  --------  ----------  --------------  -------------------
/opt/airflow/dags/drift_monitoring.py                           0           1  -2.20s          2025-12-16T17:14:58
================================================================================
[2025-12-16T17:15:40.056+0000] {manager.py:879} INFO - 
================================================================================
DAG File Processing Stats

File Path                              PID    Runtime      # DAGs    # Errors  Last Runtime    Last Run
-------------------------------------  -----  ---------  --------  ----------  --------------  -------------------
/opt/airflow/dags/drift_monitoring.py                           0           1  0.28s           2025-12-16T17:15:28
================================================================================
[2025-12-16T17:16:07.876+0000] {manager.py:879} INFO - 
================================================================================
DAG File Processing Stats

File Path                              PID    Runtime      # DAGs    # Errors  Last Runtime    Last Run
-------------------------------------  -----  ---------  --------  ----------  --------------  -------------------
/opt/airflow/dags/drift_monitoring.py                           0           1  0.28s           2025-12-16T17:15:59
================================================================================
[2025-12-16T17:16:35.637+0000] {manager.py:879} INFO - 
================================================================================
DAG File Processing Stats

File Path                              PID    Runtime      # DAGs    # Errors  Last Runtime    Last Run
-------------------------------------  -----  ---------  --------  ----------  --------------  -------------------
/opt/airflow/dags/drift_monitoring.py                           0           1  -2.21s          2025-12-16T17:16:27
================================================================================
[2025-12-16T17:17:03.434+0000] {manager.py:879} INFO - 
================================================================================
DAG File Processing Stats

File Path                              PID    Runtime      # DAGs    # Errors  Last Runtime    Last Run
-------------------------------------  -----  ---------  --------  ----------  --------------  -------------------
/opt/airflow/dags/drift_monitoring.py                           0           1  0.29s           2025-12-16T17:16:58
================================================================================
[2025-12-16T17:17:25.790+0000] {manager.py:738} INFO - Searching for files in /opt/airflow/dags
[2025-12-16T17:17:25.791+0000] {manager.py:741} INFO - There are 1 files in /opt/airflow/dags
[2025-12-16T17:17:31.346+0000] {manager.py:879} INFO - 
================================================================================
DAG File Processing Stats

File Path                              PID    Runtime      # DAGs    # Errors  Last Runtime    Last Run
-------------------------------------  -----  ---------  --------  ----------  --------------  -------------------
/opt/airflow/dags/drift_monitoring.py                           0           1  0.29s           2025-12-16T17:17:28
================================================================================
[2025-12-16T17:17:59.014+0000] {manager.py:879} INFO - 
================================================================================
DAG File Processing Stats

File Path                                PID  Runtime      # DAGs    # Errors  Last Runtime    Last Run
-------------------------------------  -----  ---------  --------  ----------  --------------  -------------------
/opt/airflow/dags/drift_monitoring.py    229  0.01s             0           1  0.29s           2025-12-16T17:17:28
================================================================================
[2025-12-16T17:18:26.669+0000] {manager.py:879} INFO - 
================================================================================
DAG File Processing Stats

File Path                              PID    Runtime      # DAGs    # Errors  Last Runtime    Last Run
-------------------------------------  -----  ---------  --------  ----------  --------------  -------------------
/opt/airflow/dags/drift_monitoring.py                           0           1  0.28s           2025-12-16T17:17:59
================================================================================
[2025-12-16T17:18:57.049+0000] {manager.py:879} INFO - 
================================================================================
DAG File Processing Stats

File Path                              PID    Runtime      # DAGs    # Errors  Last Runtime    Last Run
-------------------------------------  -----  ---------  --------  ----------  --------------  -------------------
/opt/airflow/dags/drift_monitoring.py                           0           1  0.27s           2025-12-16T17:18:29
================================================================================
[2025-12-16T17:19:24.756+0000] {manager.py:879} INFO - 
================================================================================
DAG File Processing Stats

File Path                              PID    Runtime      # DAGs    # Errors  Last Runtime    Last Run
-------------------------------------  -----  ---------  --------  ----------  --------------  -------------------
/opt/airflow/dags/drift_monitoring.py                           0           1  0.27s           2025-12-16T17:19:00
================================================================================
[2025-12-16T17:19:52.597+0000] {manager.py:879} INFO - 
================================================================================
DAG File Processing Stats

File Path                              PID    Runtime      # DAGs    # Errors  Last Runtime    Last Run
-------------------------------------  -----  ---------  --------  ----------  --------------  -------------------
/opt/airflow/dags/drift_monitoring.py                           0           1  0.27s           2025-12-16T17:19:31
================================================================================
[2025-12-16T17:20:20.303+0000] {manager.py:879} INFO - 
================================================================================
DAG File Processing Stats

File Path                              PID    Runtime      # DAGs    # Errors  Last Runtime    Last Run
-------------------------------------  -----  ---------  --------  ----------  --------------  -------------------
/opt/airflow/dags/drift_monitoring.py                           0           1  0.27s           2025-12-16T17:20:02
================================================================================
[2025-12-16T17:20:48.159+0000] {manager.py:879} INFO - 
================================================================================
DAG File Processing Stats

File Path                              PID    Runtime      # DAGs    # Errors  Last Runtime    Last Run
-------------------------------------  -----  ---------  --------  ----------  --------------  -------------------
/opt/airflow/dags/drift_monitoring.py                           0           1  0.34s           2025-12-16T17:20:33
================================================================================
[2025-12-16T17:21:15.929+0000] {manager.py:879} INFO - 
================================================================================
DAG File Processing Stats

File Path                              PID    Runtime      # DAGs    # Errors  Last Runtime    Last Run
-------------------------------------  -----  ---------  --------  ----------  --------------  -------------------
/opt/airflow/dags/drift_monitoring.py                           0           1  0.31s           2025-12-16T17:21:04
================================================================================
[2025-12-16T17:21:43.754+0000] {manager.py:879} INFO - 
================================================================================
DAG File Processing Stats

File Path                              PID    Runtime      # DAGs    # Errors  Last Runtime    Last Run
-------------------------------------  -----  ---------  --------  ----------  --------------  -------------------
/opt/airflow/dags/drift_monitoring.py                           0           1  0.30s           2025-12-16T17:21:34
================================================================================
[2025-12-16T17:22:11.511+0000] {manager.py:879} INFO - 
================================================================================
DAG File Processing Stats

File Path                              PID    Runtime      # DAGs    # Errors  Last Runtime    Last Run
-------------------------------------  -----  ---------  --------  ----------  --------------  -------------------
/opt/airflow/dags/drift_monitoring.py                           0           1  0.29s           2025-12-16T17:22:05
================================================================================
[2025-12-16T17:22:26.582+0000] {manager.py:738} INFO - Searching for files in /opt/airflow/dags
[2025-12-16T17:22:26.584+0000] {manager.py:741} INFO - There are 1 files in /opt/airflow/dags
[2025-12-16T17:22:39.338+0000] {manager.py:879} INFO - 
================================================================================
DAG File Processing Stats

File Path                              PID    Runtime      # DAGs    # Errors  Last Runtime    Last Run
-------------------------------------  -----  ---------  --------  ----------  --------------  -------------------
/opt/airflow/dags/drift_monitoring.py                           0           1  0.30s           2025-12-16T17:22:36
================================================================================
[2025-12-16T17:23:07.001+0000] {manager.py:879} INFO - 
================================================================================
DAG File Processing Stats

File Path                                PID  Runtime      # DAGs    # Errors  Last Runtime    Last Run
-------------------------------------  -----  ---------  --------  ----------  --------------  -------------------
/opt/airflow/dags/drift_monitoring.py    289  0.01s             0           1  0.30s           2025-12-16T17:22:36
================================================================================
[2025-12-16T17:23:34.757+0000] {manager.py:879} INFO - 
================================================================================
DAG File Processing Stats

File Path                              PID    Runtime      # DAGs    # Errors  Last Runtime    Last Run
-------------------------------------  -----  ---------  --------  ----------  --------------  -------------------
/opt/airflow/dags/drift_monitoring.py                           0           1  0.29s           2025-12-16T17:23:07
================================================================================
[2025-12-16T17:24:02.600+0000] {manager.py:879} INFO - 
================================================================================
DAG File Processing Stats

File Path                              PID    Runtime      # DAGs    # Errors  Last Runtime    Last Run
-------------------------------------  -----  ---------  --------  ----------  --------------  -------------------
/opt/airflow/dags/drift_monitoring.py                           0           1  0.29s           2025-12-16T17:23:38
================================================================================
[2025-12-16T17:24:30.341+0000] {manager.py:879} INFO - 
================================================================================
DAG File Processing Stats

File Path                              PID    Runtime      # DAGs    # Errors  Last Runtime    Last Run
-------------------------------------  -----  ---------  --------  ----------  --------------  -------------------
/opt/airflow/dags/drift_monitoring.py                           0           1  0.29s           2025-12-16T17:24:08
================================================================================
[2025-12-16T17:24:58.164+0000] {manager.py:879} INFO - 
================================================================================
DAG File Processing Stats

File Path                              PID    Runtime      # DAGs    # Errors  Last Runtime    Last Run
-------------------------------------  -----  ---------  --------  ----------  --------------  -------------------
/opt/airflow/dags/drift_monitoring.py                           0           1  0.30s           2025-12-16T17:24:39
================================================================================
[2025-12-16T17:25:25.931+0000] {manager.py:879} INFO - 
================================================================================
DAG File Processing Stats

File Path                              PID    Runtime      # DAGs    # Errors  Last Runtime    Last Run
-------------------------------------  -----  ---------  --------  ----------  --------------  -------------------
/opt/airflow/dags/drift_monitoring.py                           0           1  0.30s           2025-12-16T17:25:10
================================================================================
[2025-12-16T17:25:53.756+0000] {manager.py:879} INFO - 
================================================================================
DAG File Processing Stats

File Path                              PID    Runtime      # DAGs    # Errors  Last Runtime    Last Run
-------------------------------------  -----  ---------  --------  ----------  --------------  -------------------
/opt/airflow/dags/drift_monitoring.py                           0           1  0.29s           2025-12-16T17:25:41
================================================================================
[2025-12-16T17:26:24.009+0000] {manager.py:879} INFO - 
================================================================================
DAG File Processing Stats

File Path                              PID    Runtime      # DAGs    # Errors  Last Runtime    Last Run
-------------------------------------  -----  ---------  --------  ----------  --------------  -------------------
/opt/airflow/dags/drift_monitoring.py                           0           1  0.35s           2025-12-16T17:26:12
================================================================================
[2025-12-16T17:26:51.869+0000] {manager.py:879} INFO - 
================================================================================
DAG File Processing Stats

File Path                              PID    Runtime      # DAGs    # Errors  Last Runtime    Last Run
-------------------------------------  -----  ---------  --------  ----------  --------------  -------------------
/opt/airflow/dags/drift_monitoring.py                           0           1  0.34s           2025-12-16T17:26:42
================================================================================
[2025-12-16T17:27:19.622+0000] {manager.py:879} INFO - 
================================================================================
DAG File Processing Stats

File Path                              PID    Runtime      # DAGs    # Errors  Last Runtime    Last Run
-------------------------------------  -----  ---------  --------  ----------  --------------  -------------------
/opt/airflow/dags/drift_monitoring.py                           0           1  0.31s           2025-12-16T17:27:13
================================================================================
[2025-12-16T17:27:27.176+0000] {manager.py:738} INFO - Searching for files in /opt/airflow/dags
[2025-12-16T17:27:27.177+0000] {manager.py:741} INFO - There are 1 files in /opt/airflow/dags
[2025-12-16T17:27:30.766+0000] {manager.py:451} INFO - Exiting gracefully upon receiving signal 15
[2025-12-16T17:27:47.703+0000] {manager.py:469} INFO - Processing files using up to 2 processes at a time 
[2025-12-16T17:27:47.704+0000] {manager.py:470} INFO - Process each file at most once every 30 seconds
[2025-12-16T17:27:47.704+0000] {manager.py:471} INFO - Checking for new files in /opt/airflow/dags every 300 seconds
[2025-12-16T17:27:47.705+0000] {manager.py:738} INFO - Searching for files in /opt/airflow/dags
[2025-12-16T17:27:47.707+0000] {manager.py:741} INFO - There are 1 files in /opt/airflow/dags
[2025-12-16T17:27:47.809+0000] {manager.py:879} INFO - 
================================================================================
DAG File Processing Stats

File Path                                PID  Runtime      # DAGs    # Errors  Last Runtime    Last Run
-------------------------------------  -----  ---------  --------  ----------  --------------  ----------
/opt/airflow/dags/drift_monitoring.py    162  0.04s             0           0
================================================================================
[2025-12-16T17:28:15.456+0000] {manager.py:879} INFO - 
================================================================================
DAG File Processing Stats

File Path                              PID    Runtime      # DAGs    # Errors  Last Runtime    Last Run
-------------------------------------  -----  ---------  --------  ----------  --------------  -------------------
/opt/airflow/dags/drift_monitoring.py                           1           0  2.42s           2025-12-16T17:27:50
================================================================================
[2025-12-16T17:28:43.099+0000] {manager.py:879} INFO - 
================================================================================
DAG File Processing Stats

File Path                              PID    Runtime      # DAGs    # Errors  Last Runtime    Last Run
-------------------------------------  -----  ---------  --------  ----------  --------------  -------------------
/opt/airflow/dags/drift_monitoring.py                           1           0  2.24s           2025-12-16T17:28:22
================================================================================
[2025-12-16T17:29:10.746+0000] {manager.py:879} INFO - 
================================================================================
DAG File Processing Stats

File Path                              PID    Runtime      # DAGs    # Errors  Last Runtime    Last Run
-------------------------------------  -----  ---------  --------  ----------  --------------  -------------------
/opt/airflow/dags/drift_monitoring.py                           1           0  -0.46s          2025-12-16T17:28:52
================================================================================
[2025-12-16T17:29:38.353+0000] {manager.py:879} INFO - 
================================================================================
DAG File Processing Stats

File Path                              PID    Runtime      # DAGs    # Errors  Last Runtime    Last Run
-------------------------------------  -----  ---------  --------  ----------  --------------  -------------------
/opt/airflow/dags/drift_monitoring.py                           1           0  -0.52s          2025-12-16T17:29:22
================================================================================
